[backblue.gif]
[fade.gif]
[index.html]
[oversized.kopo.ua/favicon/apple-touch-icon.png]
[oversized.kopo.ua/favicon/favicon-32x32.png]
[oversized.kopo.ua/favicon/favicon-16x16.png]
[oversized.kopo.ua/fonts/GoogleSans-Regular.woff]
[oversized.kopo.ua/fonts/GoogleSans-Medium.woff]
[oversized.kopo.ua/fonts/GoogleSans-Bold.woff]
[oversized.kopo.ua/css/plugins.css]
[oversized.kopo.ua/css/main.css]
[oversized.kopo.ua/js/plugins.js]
[oversized.kopo.ua/js/main.js]
[connect.facebook.net/en_US/fbevents.js]
[oversized.kopo.ua/img/start/start-1_m.webp]
[oversized.kopo.ua/icons/plus/plus-2.svg]
[oversized.kopo.ua/icons/plus/plus-3.svg]
[oversized.kopo.ua/icons/plus/plus-4.svg]
[oversized.kopo.ua/img/plus/plus-1.png]
[oversized.kopo.ua/video/promo-1.mp4]
[oversized.kopo.ua/img/promo/promo-1_m.webp]
[oversized.kopo.ua/img/products/product_1_m.webp]
[oversized.kopo.ua/img/products/product_1_1_m.webp]
[oversized.kopo.ua/img/products/product_1_2_m.webp]
[oversized.kopo.ua/img/products/product_1_3_m.webp]
[oversized.kopo.ua/img/products/product_1_4_m.webp]
[oversized.kopo.ua/img/products/product_1_5_m.webp]
[oversized.kopo.ua/img/products/product_1_6_m.webp]
[oversized.kopo.ua/img/products/product_1_7_m.webp]
[oversized.kopo.ua/img/products/product_3_m.webp]
[oversized.kopo.ua/img/products/product_3_1_m.webp]
[oversized.kopo.ua/img/products/product_3_2_m.webp]
[oversized.kopo.ua/img/products/product_3_3_m.webp]
[oversized.kopo.ua/img/products/product_3_4_m.webp]
[oversized.kopo.ua/img/products/product_3_5_m.webp]
[oversized.kopo.ua/img/products/product_3_6_m.webp]
[oversized.kopo.ua/img/products/product_3_7_m.webp]
[oversized.kopo.ua/img/products/product_4_m.webp]
[oversized.kopo.ua/img/products/product_4_1_m.webp]
[oversized.kopo.ua/img/products/product_4_2_m.webp]
[oversized.kopo.ua/img/products/product_4_3_m.webp]
[oversized.kopo.ua/img/products/product_4_4_m.webp]
[oversized.kopo.ua/img/products/product_4_5_m.webp]
[oversized.kopo.ua/img/products/product_4_6_m.webp]
[oversized.kopo.ua/img/products/product_4_7_m.webp]
[oversized.kopo.ua/img/products/product_5_m.webp]
[oversized.kopo.ua/img/products/product_5_1_m.webp]
[oversized.kopo.ua/img/products/product_5_2_m.webp]
[oversized.kopo.ua/img/products/product_5_3_m.webp]
[oversized.kopo.ua/img/products/product_5_4_m.webp]
[oversized.kopo.ua/img/products/product_5_5_m.webp]
[oversized.kopo.ua/img/products/product_5_6_m.webp]
[oversized.kopo.ua/img/products/product_5_7_m.webp]
[oversized.kopo.ua/img/products/product_6_m.webp]
[oversized.kopo.ua/img/products/product_6_1_m.webp]
[oversized.kopo.ua/img/products/product_6_2_m.webp]
[oversized.kopo.ua/img/products/product_6_4_m.webp]
[oversized.kopo.ua/img/products/product_6_5_m.webp]
[oversized.kopo.ua/img/products/product_6_6_m.webp]
[oversized.kopo.ua/img/products/product_7_m.webp]
[oversized.kopo.ua/img/products/product_7_1_m.webp]
[oversized.kopo.ua/img/products/product_7_2_m.webp]
[oversized.kopo.ua/img/products/product_7_3_m.webp]
[oversized.kopo.ua/img/products/product_7_4_m.webp]
[oversized.kopo.ua/img/products/product_7_5_m.webp]
[oversized.kopo.ua/img/products/product_7_6_m.webp]
[oversized.kopo.ua/img/products/product_8_m.webp]
[oversized.kopo.ua/img/products/product_8_1_m.webp]
[oversized.kopo.ua/img/products/product_9_m.webp]
[oversized.kopo.ua/img/products/product_9_1_m.webp]
[oversized.kopo.ua/img/info/info-1.webp]
[oversized.kopo.ua/img/tabs/tabs-1_m.webp]
[oversized.kopo.ua/img/tabs/tabs-2_m.webp]
[oversized.kopo.ua/img/tabs/tabs-3_m.webp]
[oversized.kopo.ua/img/comments/comments-1.webp]
[oversized.kopo.ua/img/comments/comments-2.webp]
[oversized.kopo.ua/img/comments/comments-3.webp]
[oversized.kopo.ua/img/comments/comments-4.webp]
[oversized.kopo.ua/img/comments/comments-5.webp]
[oversized.kopo.ua/img/comments/comments-6.webp]
[oversized.kopo.ua/img/comments/comments-7.webp]
[oversized.kopo.ua/img/comments/comments-8.webp]
[oversized.kopo.ua/img/comments/comments-9.webp]
[oversized.kopo.ua/img/faq/faq-1_m.png]
[oversized.kopo.ua/img/popup/popup-1.png]
[oversized.kopo.ua/exchange.html]
[oversized.kopo.ua/politics.html]
[oversized.kopo.ua/index.html]
[oversized.kopo.ua/favicon/site.html]
[oversized.kopo.ua/favicon/safari-pinned-tab.svg]
[oversized.kopo.ua/css/plugins.css]
[oversized.kopo.ua/agrement.html]
[oversized.kopo.ua/img/comments/comments.png]
[oversized.kopo.ua/css/main.css]
[connect.facebook.net/en_US/fbevents.js]
[oversized.kopo.ua/icons/plus/plus-1.svg]
[oversized.kopo.ua/icons/plus/plus-2.svg]
[oversized.kopo.ua/icons/plus/plus-3.svg]
[oversized.kopo.ua/icons/plus/plus-4.svg]
[oversized.kopo.ua/icons/plus/plus-5.svg]
[oversized.kopo.ua/img/products/product_3_8_m.html]
[oversized.kopo.ua/img/products/product_6_3_m.html]
[oversized.kopo.ua/video/review-2.html]
[oversized.kopo.ua/img/image/image_1_m.html]
[oversized.kopo.ua/exchange.html]
[oversized.kopo.ua/politics.html]
[oversized.kopo.ua/agrement.html]
[oversized.kopo.ua/signals/config/index.html]
[oversized.kopo.ua/a.html]
[oversized.kopo.ua/signals/plugins/index.html]
[oversized.kopo.ua/POST.html]
[oversized.kopo.ua/schema.org/index.html]
[oversized.kopo.ua/b.html]
[oversized.kopo.ua/d.html]
[oversized.kopo.ua/signals/iwl.html]
[oversized.kopo.ua/signals/iwl0fc5.html]
[oversized.kopo.ua/c.html]
[oversized.kopo.ua/c-2.html]
